<?xml version="1.0" encoding="UTF-8"?>
<robot generator="Robot 7.3.2 (Python 3.13.0 on win32)" generated="2025-12-10T20:50:37.564950" rpa="false" schemaversion="5">
<suite id="s1" name="Bad Login" source="C:\Users\Piotr\Documents\GitHub\qa-portfolio\automation-testing\robotFramework-tests\tests\bad_login.robot">
<test id="s1-t1" name="Bad Login" line="10">
<kw name="Open Browser" owner="SeleniumLibrary">
<msg time="2025-12-10T20:50:37.941705" level="INFO">Opening browser 'chrome' to base url 'https://www.saucedemo.com/'.</msg>
<arg>${URL}</arg>
<arg>chrome</arg>
<doc>Opens a new browser instance to the optional ``url``.</doc>
<status status="PASS" start="2025-12-10T20:50:37.940394" elapsed="7.676364"/>
</kw>
<kw name="Input Text" owner="SeleniumLibrary">
<msg time="2025-12-10T20:50:45.618533" level="INFO">Typing text 'standard_user' into text field 'id=user-name'.</msg>
<arg>id=user-name</arg>
<arg>${USERNAME}</arg>
<doc>Types the given ``text`` into the text field identified by ``locator``.</doc>
<status status="PASS" start="2025-12-10T20:50:45.617445" elapsed="0.137498"/>
</kw>
<kw name="Input Text" owner="SeleniumLibrary">
<msg time="2025-12-10T20:50:45.755984" level="INFO">Typing text 'bad_password' into text field 'id=password'.</msg>
<arg>id=password</arg>
<arg>bad_password</arg>
<doc>Types the given ``text`` into the text field identified by ``locator``.</doc>
<status status="PASS" start="2025-12-10T20:50:45.755500" elapsed="0.101293"/>
</kw>
<kw name="Click Button" owner="SeleniumLibrary">
<msg time="2025-12-10T20:50:45.857513" level="INFO">Clicking button 'id=login-button'.</msg>
<arg>id=login-button</arg>
<doc>Clicks the button identified by ``locator``.</doc>
<status status="PASS" start="2025-12-10T20:50:45.857242" elapsed="0.101197"/>
</kw>
<kw name="Page Should Contain" owner="SeleniumLibrary">
<msg time="2025-12-10T20:50:45.975894" level="INFO">Current page contains text 'Epic sadface: Username and password do not match any user in this service'.</msg>
<arg>Epic sadface: Username and password do not match any user in this service</arg>
<doc>Verifies that current page contains ``text``.</doc>
<status status="PASS" start="2025-12-10T20:50:45.958856" elapsed="0.017170"/>
</kw>
<status status="PASS" start="2025-12-10T20:50:37.937856" elapsed="8.038597"/>
</test>
<status status="PASS" start="2025-12-10T20:50:37.567022" elapsed="8.410674"/>
</suite>
<statistics>
<total>
<stat pass="1" fail="0" skip="0">All Tests</stat>
</total>
<tag>
</tag>
<suite>
<stat name="Bad Login" id="s1" pass="1" fail="0" skip="0">Bad Login</stat>
</suite>
</statistics>
<errors>
</errors>
</robot>
